!SESSION 2022-11-07 12:15:57.837 -----------------------------------------------
eclipse.buildId=4.23.0.I20220308-0310
java.version=17.0.2
java.vendor=Eclipse Adoptium
BootLoader constants: OS=win32, ARCH=x86_64, WS=win32, NL=ko_KR
Framework arguments:  -product org.eclipse.epp.package.java.product
Command-line arguments:  -os win32 -ws win32 -arch x86_64 -product org.eclipse.epp.package.java.product

!ENTRY org.eclipse.core.resources 4 567 2022-11-07 12:16:00.193
!MESSAGE Workspace restored, but some problems occurred.
!SUBENTRY 1 org.eclipse.core.resources 4 567 2022-11-07 12:16:00.193
!MESSAGE Could not read metadata for '.org.eclipse.egit.core.cmp'.
!STACK 1
org.eclipse.core.internal.resources.ResourceException(/.org.eclipse.egit.core.cmp)[567]: java.lang.Exception: The project description file (.project) for '.org.eclipse.egit.core.cmp' is missing.  This file contains important information about the project.  The project will not function properly until this file is restored.
	at org.eclipse.core.internal.resources.ResourceException.provideStackTrace(ResourceException.java:42)
	at org.eclipse.core.internal.resources.ResourceException.<init>(ResourceException.java:38)
	at org.eclipse.core.internal.localstore.FileSystemResourceManager.read(FileSystemResourceManager.java:908)
	at org.eclipse.core.internal.resources.SaveManager.restoreMetaInfo(SaveManager.java:888)
	at org.eclipse.core.internal.resources.SaveManager.restoreMetaInfo(SaveManager.java:868)
	at org.eclipse.core.internal.resources.SaveManager.restore(SaveManager.java:724)
	at org.eclipse.core.internal.resources.SaveManager.startup(SaveManager.java:1555)
	at org.eclipse.core.internal.resources.Workspace.startup(Workspace.java:2482)
	at org.eclipse.core.internal.resources.Workspace.open(Workspace.java:2233)
	at org.eclipse.core.resources.ResourcesPlugin.start(ResourcesPlugin.java:475)
	at org.eclipse.osgi.internal.framework.BundleContextImpl$2.run(BundleContextImpl.java:813)
	at org.eclipse.osgi.internal.framework.BundleContextImpl$2.run(BundleContextImpl.java:1)
	at java.base/java.security.AccessController.doPrivileged(AccessController.java:569)
	at org.eclipse.osgi.internal.framework.BundleContextImpl.startActivator(BundleContextImpl.java:805)
	at org.eclipse.osgi.internal.framework.BundleContextImpl.start(BundleContextImpl.java:762)
	at org.eclipse.osgi.internal.framework.EquinoxBundle.startWorker0(EquinoxBundle.java:1032)
	at org.eclipse.osgi.internal.framework.EquinoxBundle$EquinoxModule.startWorker(EquinoxBundle.java:371)
	at org.eclipse.osgi.container.Module.doStart(Module.java:605)
	at org.eclipse.osgi.container.Module.start(Module.java:468)
	at org.eclipse.osgi.framework.util.SecureAction.start(SecureAction.java:513)
	at org.eclipse.osgi.internal.hooks.EclipseLazyStarter.postFindLocalClass(EclipseLazyStarter.java:117)
	at org.eclipse.osgi.internal.loader.classpath.ClasspathManager.findLocalClass(ClasspathManager.java:570)
	at org.eclipse.osgi.internal.loader.ModuleClassLoader.findLocalClass(ModuleClassLoader.java:335)
	at org.eclipse.osgi.internal.loader.BundleLoader.findLocalClass(BundleLoader.java:397)
	at org.eclipse.osgi.internal.loader.sources.SingleSourcePackage.loadClass(SingleSourcePackage.java:41)
	at org.eclipse.osgi.internal.loader.BundleLoader.findClass0(BundleLoader.java:484)
	at org.eclipse.osgi.internal.loader.BundleLoader.findClass(BundleLoader.java:416)
	at org.eclipse.osgi.internal.loader.ModuleClassLoader.loadClass(ModuleClassLoader.java:168)
	at java.base/java.lang.ClassLoader.loadClass(ClassLoader.java:520)
	at org.eclipse.ui.internal.ide.application.IDEApplication.start(IDEApplication.java:153)
	at org.eclipse.equinox.internal.app.EclipseAppHandle.run(EclipseAppHandle.java:203)
	at org.eclipse.core.runtime.internal.adaptor.EclipseAppLauncher.runApplication(EclipseAppLauncher.java:136)
	at org.eclipse.core.runtime.internal.adaptor.EclipseAppLauncher.start(EclipseAppLauncher.java:104)
	at org.eclipse.core.runtime.adaptor.EclipseStarter.run(EclipseStarter.java:401)
	at org.eclipse.core.runtime.adaptor.EclipseStarter.run(EclipseStarter.java:255)
	at java.base/jdk.internal.reflect.NativeMethodAccessorImpl.invoke0(Native Method)
	at java.base/jdk.internal.reflect.NativeMethodAccessorImpl.invoke(NativeMethodAccessorImpl.java:77)
	at java.base/jdk.internal.reflect.DelegatingMethodAccessorImpl.invoke(DelegatingMethodAccessorImpl.java:43)
	at java.base/java.lang.reflect.Method.invoke(Method.java:568)
	at org.eclipse.equinox.launcher.Main.invokeFramework(Main.java:659)
	at org.eclipse.equinox.launcher.Main.basicRun(Main.java:596)
	at org.eclipse.equinox.launcher.Main.run(Main.java:1467)
!SUBENTRY 2 org.eclipse.core.resources 4 567 2022-11-07 12:16:00.194
!MESSAGE The project description file (.project) for '.org.eclipse.egit.core.cmp' is missing.  This file contains important information about the project.  The project will not function properly until this file is restored.
!STACK 0
java.lang.Exception: The project description file (.project) for '.org.eclipse.egit.core.cmp' is missing.  This file contains important information about the project.  The project will not function properly until this file is restored.
	at org.eclipse.core.internal.resources.ResourceException.provideStackTrace(ResourceException.java:42)
	at org.eclipse.core.internal.resources.ResourceException.<init>(ResourceException.java:38)
	at org.eclipse.core.internal.localstore.FileSystemResourceManager.read(FileSystemResourceManager.java:908)
	at org.eclipse.core.internal.resources.SaveManager.restoreMetaInfo(SaveManager.java:888)
	at org.eclipse.core.internal.resources.SaveManager.restoreMetaInfo(SaveManager.java:868)
	at org.eclipse.core.internal.resources.SaveManager.restore(SaveManager.java:724)
	at org.eclipse.core.internal.resources.SaveManager.startup(SaveManager.java:1555)
	at org.eclipse.core.internal.resources.Workspace.startup(Workspace.java:2482)
	at org.eclipse.core.internal.resources.Workspace.open(Workspace.java:2233)
	at org.eclipse.core.resources.ResourcesPlugin.start(ResourcesPlugin.java:475)
	at org.eclipse.osgi.internal.framework.BundleContextImpl$2.run(BundleContextImpl.java:813)
	at org.eclipse.osgi.internal.framework.BundleContextImpl$2.run(BundleContextImpl.java:1)
	at java.base/java.security.AccessController.doPrivileged(AccessController.java:569)
	at org.eclipse.osgi.internal.framework.BundleContextImpl.startActivator(BundleContextImpl.java:805)
	at org.eclipse.osgi.internal.framework.BundleContextImpl.start(BundleContextImpl.java:762)
	at org.eclipse.osgi.internal.framework.EquinoxBundle.startWorker0(EquinoxBundle.java:1032)
	at org.eclipse.osgi.internal.framework.EquinoxBundle$EquinoxModule.startWorker(EquinoxBundle.java:371)
	at org.eclipse.osgi.container.Module.doStart(Module.java:605)
	at org.eclipse.osgi.container.Module.start(Module.java:468)
	at org.eclipse.osgi.framework.util.SecureAction.start(SecureAction.java:513)
	at org.eclipse.osgi.internal.hooks.EclipseLazyStarter.postFindLocalClass(EclipseLazyStarter.java:117)
	at org.eclipse.osgi.internal.loader.classpath.ClasspathManager.findLocalClass(ClasspathManager.java:570)
	at org.eclipse.osgi.internal.loader.ModuleClassLoader.findLocalClass(ModuleClassLoader.java:335)
	at org.eclipse.osgi.internal.loader.BundleLoader.findLocalClass(BundleLoader.java:397)
	at org.eclipse.osgi.internal.loader.sources.SingleSourcePackage.loadClass(SingleSourcePackage.java:41)
	at org.eclipse.osgi.internal.loader.BundleLoader.findClass0(BundleLoader.java:484)
	at org.eclipse.osgi.internal.loader.BundleLoader.findClass(BundleLoader.java:416)
	at org.eclipse.osgi.internal.loader.ModuleClassLoader.loadClass(ModuleClassLoader.java:168)
	at java.base/java.lang.ClassLoader.loadClass(ClassLoader.java:520)
	at org.eclipse.ui.internal.ide.application.IDEApplication.start(IDEApplication.java:153)
	at org.eclipse.equinox.internal.app.EclipseAppHandle.run(EclipseAppHandle.java:203)
	at org.eclipse.core.runtime.internal.adaptor.EclipseAppLauncher.runApplication(EclipseAppLauncher.java:136)
	at org.eclipse.core.runtime.internal.adaptor.EclipseAppLauncher.start(EclipseAppLauncher.java:104)
	at org.eclipse.core.runtime.adaptor.EclipseStarter.run(EclipseStarter.java:401)
	at org.eclipse.core.runtime.adaptor.EclipseStarter.run(EclipseStarter.java:255)
	at java.base/jdk.internal.reflect.NativeMethodAccessorImpl.invoke0(Native Method)
	at java.base/jdk.internal.reflect.NativeMethodAccessorImpl.invoke(NativeMethodAccessorImpl.java:77)
	at java.base/jdk.internal.reflect.DelegatingMethodAccessorImpl.invoke(DelegatingMethodAccessorImpl.java:43)
	at java.base/java.lang.reflect.Method.invoke(Method.java:568)
	at org.eclipse.equinox.launcher.Main.invokeFramework(Main.java:659)
	at org.eclipse.equinox.launcher.Main.basicRun(Main.java:596)
	at org.eclipse.equinox.launcher.Main.run(Main.java:1467)
!SUBENTRY 1 org.eclipse.core.resources 4 567 2022-11-07 12:16:00.194
!MESSAGE Could not read metadata for 'OS-Test1'.
!STACK 1
org.eclipse.core.internal.resources.ResourceException(/OS-Test1)[567]: java.lang.Exception: The project description file (.project) for 'OS-Test1' is missing.  This file contains important information about the project.  The project will not function properly until this file is restored.
	at org.eclipse.core.internal.resources.ResourceException.provideStackTrace(ResourceException.java:42)
	at org.eclipse.core.internal.resources.ResourceException.<init>(ResourceException.java:38)
	at org.eclipse.core.internal.localstore.FileSystemResourceManager.read(FileSystemResourceManager.java:908)
	at org.eclipse.core.internal.resources.SaveManager.restoreMetaInfo(SaveManager.java:888)
	at org.eclipse.core.internal.resources.SaveManager.restoreMetaInfo(SaveManager.java:868)
	at org.eclipse.core.internal.resources.SaveManager.restore(SaveManager.java:724)
	at org.eclipse.core.internal.resources.SaveManager.startup(SaveManager.java:1555)
	at org.eclipse.core.internal.resources.Workspace.startup(Workspace.java:2482)
	at org.eclipse.core.internal.resources.Workspace.open(Workspace.java:2233)
	at org.eclipse.core.resources.ResourcesPlugin.start(ResourcesPlugin.java:475)
	at org.eclipse.osgi.internal.framework.BundleContextImpl$2.run(BundleContextImpl.java:813)
	at org.eclipse.osgi.internal.framework.BundleContextImpl$2.run(BundleContextImpl.java:1)
	at java.base/java.security.AccessController.doPrivileged(AccessController.java:569)
	at org.eclipse.osgi.internal.framework.BundleContextImpl.startActivator(BundleContextImpl.java:805)
	at org.eclipse.osgi.internal.framework.BundleContextImpl.start(BundleContextImpl.java:762)
	at org.eclipse.osgi.internal.framework.EquinoxBundle.startWorker0(EquinoxBundle.java:1032)
	at org.eclipse.osgi.internal.framework.EquinoxBundle$EquinoxModule.startWorker(EquinoxBundle.java:371)
	at org.eclipse.osgi.container.Module.doStart(Module.java:605)
	at org.eclipse.osgi.container.Module.start(Module.java:468)
	at org.eclipse.osgi.framework.util.SecureAction.start(SecureAction.java:513)
	at org.eclipse.osgi.internal.hooks.EclipseLazyStarter.postFindLocalClass(EclipseLazyStarter.java:117)
	at org.eclipse.osgi.internal.loader.classpath.ClasspathManager.findLocalClass(ClasspathManager.java:570)
	at org.eclipse.osgi.internal.loader.ModuleClassLoader.findLocalClass(ModuleClassLoader.java:335)
	at org.eclipse.osgi.internal.loader.BundleLoader.findLocalClass(BundleLoader.java:397)
	at org.eclipse.osgi.internal.loader.sources.SingleSourcePackage.loadClass(SingleSourcePackage.java:41)
	at org.eclipse.osgi.internal.loader.BundleLoader.findClass0(BundleLoader.java:484)
	at org.eclipse.osgi.internal.loader.BundleLoader.findClass(BundleLoader.java:416)
	at org.eclipse.osgi.internal.loader.ModuleClassLoader.loadClass(ModuleClassLoader.java:168)
	at java.base/java.lang.ClassLoader.loadClass(ClassLoader.java:520)
	at org.eclipse.ui.internal.ide.application.IDEApplication.start(IDEApplication.java:153)
	at org.eclipse.equinox.internal.app.EclipseAppHandle.run(EclipseAppHandle.java:203)
	at org.eclipse.core.runtime.internal.adaptor.EclipseAppLauncher.runApplication(EclipseAppLauncher.java:136)
	at org.eclipse.core.runtime.internal.adaptor.EclipseAppLauncher.start(EclipseAppLauncher.java:104)
	at org.eclipse.core.runtime.adaptor.EclipseStarter.run(EclipseStarter.java:401)
	at org.eclipse.core.runtime.adaptor.EclipseStarter.run(EclipseStarter.java:255)
	at java.base/jdk.internal.reflect.NativeMethodAccessorImpl.invoke0(Native Method)
	at java.base/jdk.internal.reflect.NativeMethodAccessorImpl.invoke(NativeMethodAccessorImpl.java:77)
	at java.base/jdk.internal.reflect.DelegatingMethodAccessorImpl.invoke(DelegatingMethodAccessorImpl.java:43)
	at java.base/java.lang.reflect.Method.invoke(Method.java:568)
	at org.eclipse.equinox.launcher.Main.invokeFramework(Main.java:659)
	at org.eclipse.equinox.launcher.Main.basicRun(Main.java:596)
	at org.eclipse.equinox.launcher.Main.run(Main.java:1467)
!SUBENTRY 2 org.eclipse.core.resources 4 567 2022-11-07 12:16:00.194
!MESSAGE The project description file (.project) for 'OS-Test1' is missing.  This file contains important information about the project.  The project will not function properly until this file is restored.
!STACK 0
java.lang.Exception: The project description file (.project) for 'OS-Test1' is missing.  This file contains important information about the project.  The project will not function properly until this file is restored.
	at org.eclipse.core.internal.resources.ResourceException.provideStackTrace(ResourceException.java:42)
	at org.eclipse.core.internal.resources.ResourceException.<init>(ResourceException.java:38)
	at org.eclipse.core.internal.localstore.FileSystemResourceManager.read(FileSystemResourceManager.java:908)
	at org.eclipse.core.internal.resources.SaveManager.restoreMetaInfo(SaveManager.java:888)
	at org.eclipse.core.internal.resources.SaveManager.restoreMetaInfo(SaveManager.java:868)
	at org.eclipse.core.internal.resources.SaveManager.restore(SaveManager.java:724)
	at org.eclipse.core.internal.resources.SaveManager.startup(SaveManager.java:1555)
	at org.eclipse.core.internal.resources.Workspace.startup(Workspace.java:2482)
	at org.eclipse.core.internal.resources.Workspace.open(Workspace.java:2233)
	at org.eclipse.core.resources.ResourcesPlugin.start(ResourcesPlugin.java:475)
	at org.eclipse.osgi.internal.framework.BundleContextImpl$2.run(BundleContextImpl.java:813)
	at org.eclipse.osgi.internal.framework.BundleContextImpl$2.run(BundleContextImpl.java:1)
	at java.base/java.security.AccessController.doPrivileged(AccessController.java:569)
	at org.eclipse.osgi.internal.framework.BundleContextImpl.startActivator(BundleContextImpl.java:805)
	at org.eclipse.osgi.internal.framework.BundleContextImpl.start(BundleContextImpl.java:762)
	at org.eclipse.osgi.internal.framework.EquinoxBundle.startWorker0(EquinoxBundle.java:1032)
	at org.eclipse.osgi.internal.framework.EquinoxBundle$EquinoxModule.startWorker(EquinoxBundle.java:371)
	at org.eclipse.osgi.container.Module.doStart(Module.java:605)
	at org.eclipse.osgi.container.Module.start(Module.java:468)
	at org.eclipse.osgi.framework.util.SecureAction.start(SecureAction.java:513)
	at org.eclipse.osgi.internal.hooks.EclipseLazyStarter.postFindLocalClass(EclipseLazyStarter.java:117)
	at org.eclipse.osgi.internal.loader.classpath.ClasspathManager.findLocalClass(ClasspathManager.java:570)
	at org.eclipse.osgi.internal.loader.ModuleClassLoader.findLocalClass(ModuleClassLoader.java:335)
	at org.eclipse.osgi.internal.loader.BundleLoader.findLocalClass(BundleLoader.java:397)
	at org.eclipse.osgi.internal.loader.sources.SingleSourcePackage.loadClass(SingleSourcePackage.java:41)
	at org.eclipse.osgi.internal.loader.BundleLoader.findClass0(BundleLoader.java:484)
	at org.eclipse.osgi.internal.loader.BundleLoader.findClass(BundleLoader.java:416)
	at org.eclipse.osgi.internal.loader.ModuleClassLoader.loadClass(ModuleClassLoader.java:168)
	at java.base/java.lang.ClassLoader.loadClass(ClassLoader.java:520)
	at org.eclipse.ui.internal.ide.application.IDEApplication.start(IDEApplication.java:153)
	at org.eclipse.equinox.internal.app.EclipseAppHandle.run(EclipseAppHandle.java:203)
	at org.eclipse.core.runtime.internal.adaptor.EclipseAppLauncher.runApplication(EclipseAppLauncher.java:136)
	at org.eclipse.core.runtime.internal.adaptor.EclipseAppLauncher.start(EclipseAppLauncher.java:104)
	at org.eclipse.core.runtime.adaptor.EclipseStarter.run(EclipseStarter.java:401)
	at org.eclipse.core.runtime.adaptor.EclipseStarter.run(EclipseStarter.java:255)
	at java.base/jdk.internal.reflect.NativeMethodAccessorImpl.invoke0(Native Method)
	at java.base/jdk.internal.reflect.NativeMethodAccessorImpl.invoke(NativeMethodAccessorImpl.java:77)
	at java.base/jdk.internal.reflect.DelegatingMethodAccessorImpl.invoke(DelegatingMethodAccessorImpl.java:43)
	at java.base/java.lang.reflect.Method.invoke(Method.java:568)
	at org.eclipse.equinox.launcher.Main.invokeFramework(Main.java:659)
	at org.eclipse.equinox.launcher.Main.basicRun(Main.java:596)
	at org.eclipse.equinox.launcher.Main.run(Main.java:1467)
!SUBENTRY 1 org.eclipse.core.resources 4 567 2022-11-07 12:16:00.195
!MESSAGE Could not read metadata for 'SugangSincheong-B'.
!STACK 1
org.eclipse.core.internal.resources.ResourceException(/SugangSincheong-B)[567]: java.lang.Exception: The project description file (.project) for 'SugangSincheong-B' is missing.  This file contains important information about the project.  The project will not function properly until this file is restored.
	at org.eclipse.core.internal.resources.ResourceException.provideStackTrace(ResourceException.java:42)
	at org.eclipse.core.internal.resources.ResourceException.<init>(ResourceException.java:38)
	at org.eclipse.core.internal.localstore.FileSystemResourceManager.read(FileSystemResourceManager.java:908)
	at org.eclipse.core.internal.resources.SaveManager.restoreMetaInfo(SaveManager.java:888)
	at org.eclipse.core.internal.resources.SaveManager.restoreMetaInfo(SaveManager.java:868)
	at org.eclipse.core.internal.resources.SaveManager.restore(SaveManager.java:724)
	at org.eclipse.core.internal.resources.SaveManager.startup(SaveManager.java:1555)
	at org.eclipse.core.internal.resources.Workspace.startup(Workspace.java:2482)
	at org.eclipse.core.internal.resources.Workspace.open(Workspace.java:2233)
	at org.eclipse.core.resources.ResourcesPlugin.start(ResourcesPlugin.java:475)
	at org.eclipse.osgi.internal.framework.BundleContextImpl$2.run(BundleContextImpl.java:813)
	at org.eclipse.osgi.internal.framework.BundleContextImpl$2.run(BundleContextImpl.java:1)
	at java.base/java.security.AccessController.doPrivileged(AccessController.java:569)
	at org.eclipse.osgi.internal.framework.BundleContextImpl.startActivator(BundleContextImpl.java:805)
	at org.eclipse.osgi.internal.framework.BundleContextImpl.start(BundleContextImpl.java:762)
	at org.eclipse.osgi.internal.framework.EquinoxBundle.startWorker0(EquinoxBundle.java:1032)
	at org.eclipse.osgi.internal.framework.EquinoxBundle$EquinoxModule.startWorker(EquinoxBundle.java:371)
	at org.eclipse.osgi.container.Module.doStart(Module.java:605)
	at org.eclipse.osgi.container.Module.start(Module.java:468)
	at org.eclipse.osgi.framework.util.SecureAction.start(SecureAction.java:513)
	at org.eclipse.osgi.internal.hooks.EclipseLazyStarter.postFindLocalClass(EclipseLazyStarter.java:117)
	at org.eclipse.osgi.internal.loader.classpath.ClasspathManager.findLocalClass(ClasspathManager.java:570)
	at org.eclipse.osgi.internal.loader.ModuleClassLoader.findLocalClass(ModuleClassLoader.java:335)
	at org.eclipse.osgi.internal.loader.BundleLoader.findLocalClass(BundleLoader.java:397)
	at org.eclipse.osgi.internal.loader.sources.SingleSourcePackage.loadClass(SingleSourcePackage.java:41)
	at org.eclipse.osgi.internal.loader.BundleLoader.findClass0(BundleLoader.java:484)
	at org.eclipse.osgi.internal.loader.BundleLoader.findClass(BundleLoader.java:416)
	at org.eclipse.osgi.internal.loader.ModuleClassLoader.loadClass(ModuleClassLoader.java:168)
	at java.base/java.lang.ClassLoader.loadClass(ClassLoader.java:520)
	at org.eclipse.ui.internal.ide.application.IDEApplication.start(IDEApplication.java:153)
	at org.eclipse.equinox.internal.app.EclipseAppHandle.run(EclipseAppHandle.java:203)
	at org.eclipse.core.runtime.internal.adaptor.EclipseAppLauncher.runApplication(EclipseAppLauncher.java:136)
	at org.eclipse.core.runtime.internal.adaptor.EclipseAppLauncher.start(EclipseAppLauncher.java:104)
	at org.eclipse.core.runtime.adaptor.EclipseStarter.run(EclipseStarter.java:401)
	at org.eclipse.core.runtime.adaptor.EclipseStarter.run(EclipseStarter.java:255)
	at java.base/jdk.internal.reflect.NativeMethodAccessorImpl.invoke0(Native Method)
	at java.base/jdk.internal.reflect.NativeMethodAccessorImpl.invoke(NativeMethodAccessorImpl.java:77)
	at java.base/jdk.internal.reflect.DelegatingMethodAccessorImpl.invoke(DelegatingMethodAccessorImpl.java:43)
	at java.base/java.lang.reflect.Method.invoke(Method.java:568)
	at org.eclipse.equinox.launcher.Main.invokeFramework(Main.java:659)
	at org.eclipse.equinox.launcher.Main.basicRun(Main.java:596)
	at org.eclipse.equinox.launcher.Main.run(Main.java:1467)
!SUBENTRY 2 org.eclipse.core.resources 4 567 2022-11-07 12:16:00.195
!MESSAGE The project description file (.project) for 'SugangSincheong-B' is missing.  This file contains important information about the project.  The project will not function properly until this file is restored.
!STACK 0
java.lang.Exception: The project description file (.project) for 'SugangSincheong-B' is missing.  This file contains important information about the project.  The project will not function properly until this file is restored.
	at org.eclipse.core.internal.resources.ResourceException.provideStackTrace(ResourceException.java:42)
	at org.eclipse.core.internal.resources.ResourceException.<init>(ResourceException.java:38)
	at org.eclipse.core.internal.localstore.FileSystemResourceManager.read(FileSystemResourceManager.java:908)
	at org.eclipse.core.internal.resources.SaveManager.restoreMetaInfo(SaveManager.java:888)
	at org.eclipse.core.internal.resources.SaveManager.restoreMetaInfo(SaveManager.java:868)
	at org.eclipse.core.internal.resources.SaveManager.restore(SaveManager.java:724)
	at org.eclipse.core.internal.resources.SaveManager.startup(SaveManager.java:1555)
	at org.eclipse.core.internal.resources.Workspace.startup(Workspace.java:2482)
	at org.eclipse.core.internal.resources.Workspace.open(Workspace.java:2233)
	at org.eclipse.core.resources.ResourcesPlugin.start(ResourcesPlugin.java:475)
	at org.eclipse.osgi.internal.framework.BundleContextImpl$2.run(BundleContextImpl.java:813)
	at org.eclipse.osgi.internal.framework.BundleContextImpl$2.run(BundleContextImpl.java:1)
	at java.base/java.security.AccessController.doPrivileged(AccessController.java:569)
	at org.eclipse.osgi.internal.framework.BundleContextImpl.startActivator(BundleContextImpl.java:805)
	at org.eclipse.osgi.internal.framework.BundleContextImpl.start(BundleContextImpl.java:762)
	at org.eclipse.osgi.internal.framework.EquinoxBundle.startWorker0(EquinoxBundle.java:1032)
	at org.eclipse.osgi.internal.framework.EquinoxBundle$EquinoxModule.startWorker(EquinoxBundle.java:371)
	at org.eclipse.osgi.container.Module.doStart(Module.java:605)
	at org.eclipse.osgi.container.Module.start(Module.java:468)
	at org.eclipse.osgi.framework.util.SecureAction.start(SecureAction.java:513)
	at org.eclipse.osgi.internal.hooks.EclipseLazyStarter.postFindLocalClass(EclipseLazyStarter.java:117)
	at org.eclipse.osgi.internal.loader.classpath.ClasspathManager.findLocalClass(ClasspathManager.java:570)
	at org.eclipse.osgi.internal.loader.ModuleClassLoader.findLocalClass(ModuleClassLoader.java:335)
	at org.eclipse.osgi.internal.loader.BundleLoader.findLocalClass(BundleLoader.java:397)
	at org.eclipse.osgi.internal.loader.sources.SingleSourcePackage.loadClass(SingleSourcePackage.java:41)
	at org.eclipse.osgi.internal.loader.BundleLoader.findClass0(BundleLoader.java:484)
	at org.eclipse.osgi.internal.loader.BundleLoader.findClass(BundleLoader.java:416)
	at org.eclipse.osgi.internal.loader.ModuleClassLoader.loadClass(ModuleClassLoader.java:168)
	at java.base/java.lang.ClassLoader.loadClass(ClassLoader.java:520)
	at org.eclipse.ui.internal.ide.application.IDEApplication.start(IDEApplication.java:153)
	at org.eclipse.equinox.internal.app.EclipseAppHandle.run(EclipseAppHandle.java:203)
	at org.eclipse.core.runtime.internal.adaptor.EclipseAppLauncher.runApplication(EclipseAppLauncher.java:136)
	at org.eclipse.core.runtime.internal.adaptor.EclipseAppLauncher.start(EclipseAppLauncher.java:104)
	at org.eclipse.core.runtime.adaptor.EclipseStarter.run(EclipseStarter.java:401)
	at org.eclipse.core.runtime.adaptor.EclipseStarter.run(EclipseStarter.java:255)
	at java.base/jdk.internal.reflect.NativeMethodAccessorImpl.invoke0(Native Method)
	at java.base/jdk.internal.reflect.NativeMethodAccessorImpl.invoke(NativeMethodAccessorImpl.java:77)
	at java.base/jdk.internal.reflect.DelegatingMethodAccessorImpl.invoke(DelegatingMethodAccessorImpl.java:43)
	at java.base/java.lang.reflect.Method.invoke(Method.java:568)
	at org.eclipse.equinox.launcher.Main.invokeFramework(Main.java:659)
	at org.eclipse.equinox.launcher.Main.basicRun(Main.java:596)
	at org.eclipse.equinox.launcher.Main.run(Main.java:1467)

!ENTRY org.eclipse.jface 2 0 2022-11-07 12:16:04.219
!MESSAGE Keybinding conflicts occurred.  They may interfere with normal accelerator operation.
!SUBENTRY 1 org.eclipse.jface 2 0 2022-11-07 12:16:04.219
!MESSAGE A conflict occurred for CTRL+SHIFT+T:
Binding(CTRL+SHIFT+T,
	ParameterizedCommand(Command(org.eclipse.jdt.ui.navigate.open.type,Open Type,
		Open a type in a Java editor,
		Category(org.eclipse.ui.category.navigate,Navigate,null,true),
		org.eclipse.ui.internal.WorkbenchHandlerServiceHandler@8ee03f5,
		,,true),null),
	org.eclipse.ui.defaultAcceleratorConfiguration,
	org.eclipse.ui.contexts.window,,,system)
Binding(CTRL+SHIFT+T,
	ParameterizedCommand(Command(org.eclipse.lsp4e.symbolinworkspace,Go to Symbol in Workspace,
		,
		Category(org.eclipse.lsp4e.category,Language Servers,null,true),
		org.eclipse.ui.internal.WorkbenchHandlerServiceHandler@5ad40184,
		,,true),null),
	org.eclipse.ui.defaultAcceleratorConfiguration,
	org.eclipse.ui.contexts.window,,,system)
!SUBENTRY 1 org.eclipse.jface 2 0 2022-11-07 12:16:04.219
!MESSAGE A conflict occurred for ALT+SHIFT+R:
Binding(ALT+SHIFT+R,
	ParameterizedCommand(Command(org.eclipse.jdt.ui.edit.text.java.rename.element,Rename - Refactoring ,
		Rename the selected element,
		Category(org.eclipse.jdt.ui.category.refactoring,Refactor - Java,Java Refactoring Actions,true),
		org.eclipse.ui.internal.WorkbenchHandlerServiceHandler@3359c3f6,
		,,true),null),
	org.eclipse.ui.defaultAcceleratorConfiguration,
	org.eclipse.ui.contexts.window,,,system)
Binding(ALT+SHIFT+R,
	ParameterizedCommand(Command(org.eclipse.ui.edit.rename,Rename,
		Rename the selected item,
		Category(org.eclipse.ui.category.file,File,null,true),
		org.eclipse.ui.internal.WorkbenchHandlerServiceHandler@3d3b272a,
		,,true),null),
	org.eclipse.ui.defaultAcceleratorConfiguration,
	org.eclipse.ui.contexts.window,,,system)

!ENTRY org.eclipse.egit.ui 2 0 2022-11-07 12:16:07.939
!MESSAGE Warning: The environment variable HOME is not set. The following directory will be used to store the Git
user global configuration and to define the default location to store repositories: 'C:\Users\chois'. If this is
not correct please set the HOME environment variable and restart Eclipse. Otherwise Git for Windows and
EGit might behave differently since they see different configuration options.
This warning can be switched off on the Team > Git > Confirmations and Warnings preference page.

!ENTRY org.eclipse.jdt.core 4 4 2022-11-07 12:16:08.362
!MESSAGE Exception while reading last build state for: P/1lms_swing
!STACK 1
org.eclipse.core.runtime.CoreException: Error reading last build state for project 1lms_swing
	at org.eclipse.jdt.internal.core.JavaModelManager.readStateTimed(JavaModelManager.java:4120)
	at org.eclipse.jdt.internal.core.JavaModelManager.readState(JavaModelManager.java:4096)
	at org.eclipse.jdt.internal.core.JavaModelManager.getLastBuiltState(JavaModelManager.java:2264)
	at org.eclipse.jdt.internal.core.builder.JavaBuilder.getLastState(JavaBuilder.java:449)
	at org.eclipse.jdt.internal.core.builder.JavaBuilder.build(JavaBuilder.java:189)
	at org.eclipse.core.internal.events.BuildManager$2.run(BuildManager.java:860)
	at org.eclipse.core.runtime.SafeRunner.run(SafeRunner.java:45)
	at org.eclipse.core.internal.events.BuildManager.basicBuild(BuildManager.java:232)
	at org.eclipse.core.internal.events.BuildManager.basicBuild(BuildManager.java:281)
	at org.eclipse.core.internal.events.BuildManager$1.run(BuildManager.java:334)
	at org.eclipse.core.runtime.SafeRunner.run(SafeRunner.java:45)
	at org.eclipse.core.internal.events.BuildManager.basicBuild(BuildManager.java:337)
	at org.eclipse.core.internal.events.BuildManager.basicBuildLoop(BuildManager.java:392)
	at org.eclipse.core.internal.events.BuildManager.build(BuildManager.java:417)
	at org.eclipse.core.internal.events.AutoBuildJob.doBuild(AutoBuildJob.java:161)
	at org.eclipse.core.internal.events.AutoBuildJob.run(AutoBuildJob.java:255)
	at org.eclipse.core.internal.jobs.Worker.run(Worker.java:63)
Caused by: org.eclipse.core.runtime.CoreException: Failed to init ct.sym for C:\Program Files\Java\jdk-13.0.2\lib\jrt-fs.jar
	at org.eclipse.jdt.internal.core.builder.ClasspathJrtWithReleaseOption.<init>(ClasspathJrtWithReleaseOption.java:79)
	at org.eclipse.jdt.internal.core.builder.ClasspathLocation.forJrtSystem(ClasspathLocation.java:157)
	at org.eclipse.jdt.internal.core.builder.State.readBinaryLocations(State.java:419)
	at org.eclipse.jdt.internal.core.builder.State.read(State.java:306)
	at org.eclipse.jdt.internal.core.builder.JavaBuilder.readState(JavaBuilder.java:161)
	at org.eclipse.jdt.internal.core.JavaModelManager.readStateTimed(JavaModelManager.java:4115)
	... 16 more
Caused by: java.io.FileNotFoundException: File C:\Program Files\Java\jdk-13.0.2\lib\ct.sym does not exist
	at org.eclipse.jdt.internal.compiler.util.CtSym.init(CtSym.java:127)
	at org.eclipse.jdt.internal.compiler.util.CtSym.<init>(CtSym.java:121)
	at org.eclipse.jdt.internal.compiler.util.JRTUtil.lambda$1(JRTUtil.java:136)
	at java.base/java.util.concurrent.ConcurrentHashMap.compute(ConcurrentHashMap.java:1916)
	at org.eclipse.jdt.internal.compiler.util.JRTUtil.getCtSym(JRTUtil.java:133)
	at org.eclipse.jdt.internal.core.builder.ClasspathJrtWithReleaseOption.<init>(ClasspathJrtWithReleaseOption.java:77)
	... 21 more
!SUBENTRY 1 org.eclipse.jdt.core 4 2 2022-11-07 12:16:08.362
!MESSAGE Error reading last build state for project 1lms_swing
!STACK 1
org.eclipse.core.runtime.CoreException: Failed to init ct.sym for C:\Program Files\Java\jdk-13.0.2\lib\jrt-fs.jar
	at org.eclipse.jdt.internal.core.builder.ClasspathJrtWithReleaseOption.<init>(ClasspathJrtWithReleaseOption.java:79)
	at org.eclipse.jdt.internal.core.builder.ClasspathLocation.forJrtSystem(ClasspathLocation.java:157)
	at org.eclipse.jdt.internal.core.builder.State.readBinaryLocations(State.java:419)
	at org.eclipse.jdt.internal.core.builder.State.read(State.java:306)
	at org.eclipse.jdt.internal.core.builder.JavaBuilder.readState(JavaBuilder.java:161)
	at org.eclipse.jdt.internal.core.JavaModelManager.readStateTimed(JavaModelManager.java:4115)
	at org.eclipse.jdt.internal.core.JavaModelManager.readState(JavaModelManager.java:4096)
	at org.eclipse.jdt.internal.core.JavaModelManager.getLastBuiltState(JavaModelManager.java:2264)
	at org.eclipse.jdt.internal.core.builder.JavaBuilder.getLastState(JavaBuilder.java:449)
	at org.eclipse.jdt.internal.core.builder.JavaBuilder.build(JavaBuilder.java:189)
	at org.eclipse.core.internal.events.BuildManager$2.run(BuildManager.java:860)
	at org.eclipse.core.runtime.SafeRunner.run(SafeRunner.java:45)
	at org.eclipse.core.internal.events.BuildManager.basicBuild(BuildManager.java:232)
	at org.eclipse.core.internal.events.BuildManager.basicBuild(BuildManager.java:281)
	at org.eclipse.core.internal.events.BuildManager$1.run(BuildManager.java:334)
	at org.eclipse.core.runtime.SafeRunner.run(SafeRunner.java:45)
	at org.eclipse.core.internal.events.BuildManager.basicBuild(BuildManager.java:337)
	at org.eclipse.core.internal.events.BuildManager.basicBuildLoop(BuildManager.java:392)
	at org.eclipse.core.internal.events.BuildManager.build(BuildManager.java:417)
	at org.eclipse.core.internal.events.AutoBuildJob.doBuild(AutoBuildJob.java:161)
	at org.eclipse.core.internal.events.AutoBuildJob.run(AutoBuildJob.java:255)
	at org.eclipse.core.internal.jobs.Worker.run(Worker.java:63)
Caused by: java.io.FileNotFoundException: File C:\Program Files\Java\jdk-13.0.2\lib\ct.sym does not exist
	at org.eclipse.jdt.internal.compiler.util.CtSym.init(CtSym.java:127)
	at org.eclipse.jdt.internal.compiler.util.CtSym.<init>(CtSym.java:121)
	at org.eclipse.jdt.internal.compiler.util.JRTUtil.lambda$1(JRTUtil.java:136)
	at java.base/java.util.concurrent.ConcurrentHashMap.compute(ConcurrentHashMap.java:1916)
	at org.eclipse.jdt.internal.compiler.util.JRTUtil.getCtSym(JRTUtil.java:133)
	at org.eclipse.jdt.internal.core.builder.ClasspathJrtWithReleaseOption.<init>(ClasspathJrtWithReleaseOption.java:77)
	... 21 more
!SUBENTRY 2 org.eclipse.jdt.core 4 0 2022-11-07 12:16:08.362
!MESSAGE Failed to init ct.sym for C:\Program Files\Java\jdk-13.0.2\lib\jrt-fs.jar
!STACK 0
java.io.FileNotFoundException: File C:\Program Files\Java\jdk-13.0.2\lib\ct.sym does not exist
	at org.eclipse.jdt.internal.compiler.util.CtSym.init(CtSym.java:127)
	at org.eclipse.jdt.internal.compiler.util.CtSym.<init>(CtSym.java:121)
	at org.eclipse.jdt.internal.compiler.util.JRTUtil.lambda$1(JRTUtil.java:136)
	at java.base/java.util.concurrent.ConcurrentHashMap.compute(ConcurrentHashMap.java:1916)
	at org.eclipse.jdt.internal.compiler.util.JRTUtil.getCtSym(JRTUtil.java:133)
	at org.eclipse.jdt.internal.core.builder.ClasspathJrtWithReleaseOption.<init>(ClasspathJrtWithReleaseOption.java:77)
	at org.eclipse.jdt.internal.core.builder.ClasspathLocation.forJrtSystem(ClasspathLocation.java:157)
	at org.eclipse.jdt.internal.core.builder.State.readBinaryLocations(State.java:419)
	at org.eclipse.jdt.internal.core.builder.State.read(State.java:306)
	at org.eclipse.jdt.internal.core.builder.JavaBuilder.readState(JavaBuilder.java:161)
	at org.eclipse.jdt.internal.core.JavaModelManager.readStateTimed(JavaModelManager.java:4115)
	at org.eclipse.jdt.internal.core.JavaModelManager.readState(JavaModelManager.java:4096)
	at org.eclipse.jdt.internal.core.JavaModelManager.getLastBuiltState(JavaModelManager.java:2264)
	at org.eclipse.jdt.internal.core.builder.JavaBuilder.getLastState(JavaBuilder.java:449)
	at org.eclipse.jdt.internal.core.builder.JavaBuilder.build(JavaBuilder.java:189)
	at org.eclipse.core.internal.events.BuildManager$2.run(BuildManager.java:860)
	at org.eclipse.core.runtime.SafeRunner.run(SafeRunner.java:45)
	at org.eclipse.core.internal.events.BuildManager.basicBuild(BuildManager.java:232)
	at org.eclipse.core.internal.events.BuildManager.basicBuild(BuildManager.java:281)
	at org.eclipse.core.internal.events.BuildManager$1.run(BuildManager.java:334)
	at org.eclipse.core.runtime.SafeRunner.run(SafeRunner.java:45)
	at org.eclipse.core.internal.events.BuildManager.basicBuild(BuildManager.java:337)
	at org.eclipse.core.internal.events.BuildManager.basicBuildLoop(BuildManager.java:392)
	at org.eclipse.core.internal.events.BuildManager.build(BuildManager.java:417)
	at org.eclipse.core.internal.events.AutoBuildJob.doBuild(AutoBuildJob.java:161)
	at org.eclipse.core.internal.events.AutoBuildJob.run(AutoBuildJob.java:255)
	at org.eclipse.core.internal.jobs.Worker.run(Worker.java:63)

!ENTRY org.eclipse.jdt.core 4 4 2022-11-07 12:16:09.116
!MESSAGE Exception while reading last build state for: P/GraphicsEditor_v1.11_XML
!STACK 1
org.eclipse.core.runtime.CoreException: Error reading last build state for project GraphicsEditor_v1.11_XML
	at org.eclipse.jdt.internal.core.JavaModelManager.readStateTimed(JavaModelManager.java:4120)
	at org.eclipse.jdt.internal.core.JavaModelManager.readState(JavaModelManager.java:4096)
	at org.eclipse.jdt.internal.core.JavaModelManager.getLastBuiltState(JavaModelManager.java:2264)
	at org.eclipse.jdt.internal.core.builder.JavaBuilder.getLastState(JavaBuilder.java:449)
	at org.eclipse.jdt.internal.core.builder.JavaBuilder.build(JavaBuilder.java:189)
	at org.eclipse.core.internal.events.BuildManager$2.run(BuildManager.java:860)
	at org.eclipse.core.runtime.SafeRunner.run(SafeRunner.java:45)
	at org.eclipse.core.internal.events.BuildManager.basicBuild(BuildManager.java:232)
	at org.eclipse.core.internal.events.BuildManager.basicBuild(BuildManager.java:281)
	at org.eclipse.core.internal.events.BuildManager$1.run(BuildManager.java:334)
	at org.eclipse.core.runtime.SafeRunner.run(SafeRunner.java:45)
	at org.eclipse.core.internal.events.BuildManager.basicBuild(BuildManager.java:337)
	at org.eclipse.core.internal.events.BuildManager.basicBuildLoop(BuildManager.java:392)
	at org.eclipse.core.internal.events.BuildManager.build(BuildManager.java:417)
	at org.eclipse.core.internal.events.AutoBuildJob.doBuild(AutoBuildJob.java:161)
	at org.eclipse.core.internal.events.AutoBuildJob.run(AutoBuildJob.java:255)
	at org.eclipse.core.internal.jobs.Worker.run(Worker.java:63)
Caused by: java.lang.NullPointerException: Cannot invoke "org.eclipse.jdt.internal.compiler.util.JrtFileSystem.walkModuleImage(org.eclipse.jdt.internal.compiler.util.JRTUtil$JrtFileVisitor, int)" because the return value of "org.eclipse.jdt.internal.compiler.util.JRTUtil.getJrtSystem(java.io.File, String)" is null
	at org.eclipse.jdt.internal.compiler.util.JRTUtil.walkModuleImage(JRTUtil.java:173)
	at org.eclipse.jdt.internal.core.builder.ClasspathJrt.loadModules(ClasspathJrt.java:126)
	at org.eclipse.jdt.internal.core.builder.ClasspathJrt.<init>(ClasspathJrt.java:63)
	at org.eclipse.jdt.internal.core.builder.ClasspathLocation.forJrtSystem(ClasspathLocation.java:156)
	at org.eclipse.jdt.internal.core.builder.State.readBinaryLocations(State.java:419)
	at org.eclipse.jdt.internal.core.builder.State.read(State.java:306)
	at org.eclipse.jdt.internal.core.builder.JavaBuilder.readState(JavaBuilder.java:161)
	at org.eclipse.jdt.internal.core.JavaModelManager.readStateTimed(JavaModelManager.java:4115)
	... 16 more
!SUBENTRY 1 org.eclipse.jdt.core 4 2 2022-11-07 12:16:09.116
!MESSAGE Error reading last build state for project GraphicsEditor_v1.11_XML
!STACK 0
java.lang.NullPointerException: Cannot invoke "org.eclipse.jdt.internal.compiler.util.JrtFileSystem.walkModuleImage(org.eclipse.jdt.internal.compiler.util.JRTUtil$JrtFileVisitor, int)" because the return value of "org.eclipse.jdt.internal.compiler.util.JRTUtil.getJrtSystem(java.io.File, String)" is null
	at org.eclipse.jdt.internal.compiler.util.JRTUtil.walkModuleImage(JRTUtil.java:173)
	at org.eclipse.jdt.internal.core.builder.ClasspathJrt.loadModules(ClasspathJrt.java:126)
	at org.eclipse.jdt.internal.core.builder.ClasspathJrt.<init>(ClasspathJrt.java:63)
	at org.eclipse.jdt.internal.core.builder.ClasspathLocation.forJrtSystem(ClasspathLocation.java:156)
	at org.eclipse.jdt.internal.core.builder.State.readBinaryLocations(State.java:419)
	at org.eclipse.jdt.internal.core.builder.State.read(State.java:306)
	at org.eclipse.jdt.internal.core.builder.JavaBuilder.readState(JavaBuilder.java:161)
	at org.eclipse.jdt.internal.core.JavaModelManager.readStateTimed(JavaModelManager.java:4115)
	at org.eclipse.jdt.internal.core.JavaModelManager.readState(JavaModelManager.java:4096)
	at org.eclipse.jdt.internal.core.JavaModelManager.getLastBuiltState(JavaModelManager.java:2264)
	at org.eclipse.jdt.internal.core.builder.JavaBuilder.getLastState(JavaBuilder.java:449)
	at org.eclipse.jdt.internal.core.builder.JavaBuilder.build(JavaBuilder.java:189)
	at org.eclipse.core.internal.events.BuildManager$2.run(BuildManager.java:860)
	at org.eclipse.core.runtime.SafeRunner.run(SafeRunner.java:45)
	at org.eclipse.core.internal.events.BuildManager.basicBuild(BuildManager.java:232)
	at org.eclipse.core.internal.events.BuildManager.basicBuild(BuildManager.java:281)
	at org.eclipse.core.internal.events.BuildManager$1.run(BuildManager.java:334)
	at org.eclipse.core.runtime.SafeRunner.run(SafeRunner.java:45)
	at org.eclipse.core.internal.events.BuildManager.basicBuild(BuildManager.java:337)
	at org.eclipse.core.internal.events.BuildManager.basicBuildLoop(BuildManager.java:392)
	at org.eclipse.core.internal.events.BuildManager.build(BuildManager.java:417)
	at org.eclipse.core.internal.events.AutoBuildJob.doBuild(AutoBuildJob.java:161)
	at org.eclipse.core.internal.events.AutoBuildJob.run(AutoBuildJob.java:255)
	at org.eclipse.core.internal.jobs.Worker.run(Worker.java:63)

!ENTRY org.eclipse.jdt.core 4 4 2022-11-07 12:16:09.497
!MESSAGE Exception while reading last build state for: P/SugangSincheong-A
!STACK 1
org.eclipse.core.runtime.CoreException: Error reading last build state for project SugangSincheong-A
	at org.eclipse.jdt.internal.core.JavaModelManager.readStateTimed(JavaModelManager.java:4120)
	at org.eclipse.jdt.internal.core.JavaModelManager.readState(JavaModelManager.java:4096)
	at org.eclipse.jdt.internal.core.JavaModelManager.getLastBuiltState(JavaModelManager.java:2264)
	at org.eclipse.jdt.internal.core.builder.JavaBuilder.getLastState(JavaBuilder.java:449)
	at org.eclipse.jdt.internal.core.builder.JavaBuilder.build(JavaBuilder.java:189)
	at org.eclipse.core.internal.events.BuildManager$2.run(BuildManager.java:860)
	at org.eclipse.core.runtime.SafeRunner.run(SafeRunner.java:45)
	at org.eclipse.core.internal.events.BuildManager.basicBuild(BuildManager.java:232)
	at org.eclipse.core.internal.events.BuildManager.basicBuild(BuildManager.java:281)
	at org.eclipse.core.internal.events.BuildManager$1.run(BuildManager.java:334)
	at org.eclipse.core.runtime.SafeRunner.run(SafeRunner.java:45)
	at org.eclipse.core.internal.events.BuildManager.basicBuild(BuildManager.java:337)
	at org.eclipse.core.internal.events.BuildManager.basicBuildLoop(BuildManager.java:392)
	at org.eclipse.core.internal.events.BuildManager.build(BuildManager.java:417)
	at org.eclipse.core.internal.events.AutoBuildJob.doBuild(AutoBuildJob.java:161)
	at org.eclipse.core.internal.events.AutoBuildJob.run(AutoBuildJob.java:255)
	at org.eclipse.core.internal.jobs.Worker.run(Worker.java:63)
Caused by: org.eclipse.core.runtime.CoreException: Failed to init ct.sym for C:\Program Files\Java\jdk-13.0.2\lib\jrt-fs.jar
	at org.eclipse.jdt.internal.core.builder.ClasspathJrtWithReleaseOption.<init>(ClasspathJrtWithReleaseOption.java:79)
	at org.eclipse.jdt.internal.core.builder.ClasspathLocation.forJrtSystem(ClasspathLocation.java:157)
	at org.eclipse.jdt.internal.core.builder.State.readBinaryLocations(State.java:419)
	at org.eclipse.jdt.internal.core.builder.State.read(State.java:306)
	at org.eclipse.jdt.internal.core.builder.JavaBuilder.readState(JavaBuilder.java:161)
	at org.eclipse.jdt.internal.core.JavaModelManager.readStateTimed(JavaModelManager.java:4115)
	... 16 more
Caused by: java.io.FileNotFoundException: File C:\Program Files\Java\jdk-13.0.2\lib\ct.sym does not exist
	at org.eclipse.jdt.internal.compiler.util.CtSym.init(CtSym.java:127)
	at org.eclipse.jdt.internal.compiler.util.CtSym.<init>(CtSym.java:121)
	at org.eclipse.jdt.internal.compiler.util.JRTUtil.lambda$1(JRTUtil.java:136)
	at java.base/java.util.concurrent.ConcurrentHashMap.compute(ConcurrentHashMap.java:1916)
	at org.eclipse.jdt.internal.compiler.util.JRTUtil.getCtSym(JRTUtil.java:133)
	at org.eclipse.jdt.internal.core.builder.ClasspathJrtWithReleaseOption.<init>(ClasspathJrtWithReleaseOption.java:77)
	... 21 more
!SUBENTRY 1 org.eclipse.jdt.core 4 2 2022-11-07 12:16:09.497
!MESSAGE Error reading last build state for project SugangSincheong-A
!STACK 1
org.eclipse.core.runtime.CoreException: Failed to init ct.sym for C:\Program Files\Java\jdk-13.0.2\lib\jrt-fs.jar
	at org.eclipse.jdt.internal.core.builder.ClasspathJrtWithReleaseOption.<init>(ClasspathJrtWithReleaseOption.java:79)
	at org.eclipse.jdt.internal.core.builder.ClasspathLocation.forJrtSystem(ClasspathLocation.java:157)
	at org.eclipse.jdt.internal.core.builder.State.readBinaryLocations(State.java:419)
	at org.eclipse.jdt.internal.core.builder.State.read(State.java:306)
	at org.eclipse.jdt.internal.core.builder.JavaBuilder.readState(JavaBuilder.java:161)
	at org.eclipse.jdt.internal.core.JavaModelManager.readStateTimed(JavaModelManager.java:4115)
	at org.eclipse.jdt.internal.core.JavaModelManager.readState(JavaModelManager.java:4096)
	at org.eclipse.jdt.internal.core.JavaModelManager.getLastBuiltState(JavaModelManager.java:2264)
	at org.eclipse.jdt.internal.core.builder.JavaBuilder.getLastState(JavaBuilder.java:449)
	at org.eclipse.jdt.internal.core.builder.JavaBuilder.build(JavaBuilder.java:189)
	at org.eclipse.core.internal.events.BuildManager$2.run(BuildManager.java:860)
	at org.eclipse.core.runtime.SafeRunner.run(SafeRunner.java:45)
	at org.eclipse.core.internal.events.BuildManager.basicBuild(BuildManager.java:232)
	at org.eclipse.core.internal.events.BuildManager.basicBuild(BuildManager.java:281)
	at org.eclipse.core.internal.events.BuildManager$1.run(BuildManager.java:334)
	at org.eclipse.core.runtime.SafeRunner.run(SafeRunner.java:45)
	at org.eclipse.core.internal.events.BuildManager.basicBuild(BuildManager.java:337)
	at org.eclipse.core.internal.events.BuildManager.basicBuildLoop(BuildManager.java:392)
	at org.eclipse.core.internal.events.BuildManager.build(BuildManager.java:417)
	at org.eclipse.core.internal.events.AutoBuildJob.doBuild(AutoBuildJob.java:161)
	at org.eclipse.core.internal.events.AutoBuildJob.run(AutoBuildJob.java:255)
	at org.eclipse.core.internal.jobs.Worker.run(Worker.java:63)
Caused by: java.io.FileNotFoundException: File C:\Program Files\Java\jdk-13.0.2\lib\ct.sym does not exist
	at org.eclipse.jdt.internal.compiler.util.CtSym.init(CtSym.java:127)
	at org.eclipse.jdt.internal.compiler.util.CtSym.<init>(CtSym.java:121)
	at org.eclipse.jdt.internal.compiler.util.JRTUtil.lambda$1(JRTUtil.java:136)
	at java.base/java.util.concurrent.ConcurrentHashMap.compute(ConcurrentHashMap.java:1916)
	at org.eclipse.jdt.internal.compiler.util.JRTUtil.getCtSym(JRTUtil.java:133)
	at org.eclipse.jdt.internal.core.builder.ClasspathJrtWithReleaseOption.<init>(ClasspathJrtWithReleaseOption.java:77)
	... 21 more
!SUBENTRY 2 org.eclipse.jdt.core 4 0 2022-11-07 12:16:09.498
!MESSAGE Failed to init ct.sym for C:\Program Files\Java\jdk-13.0.2\lib\jrt-fs.jar
!STACK 0
java.io.FileNotFoundException: File C:\Program Files\Java\jdk-13.0.2\lib\ct.sym does not exist
	at org.eclipse.jdt.internal.compiler.util.CtSym.init(CtSym.java:127)
	at org.eclipse.jdt.internal.compiler.util.CtSym.<init>(CtSym.java:121)
	at org.eclipse.jdt.internal.compiler.util.JRTUtil.lambda$1(JRTUtil.java:136)
	at java.base/java.util.concurrent.ConcurrentHashMap.compute(ConcurrentHashMap.java:1916)
	at org.eclipse.jdt.internal.compiler.util.JRTUtil.getCtSym(JRTUtil.java:133)
	at org.eclipse.jdt.internal.core.builder.ClasspathJrtWithReleaseOption.<init>(ClasspathJrtWithReleaseOption.java:77)
	at org.eclipse.jdt.internal.core.builder.ClasspathLocation.forJrtSystem(ClasspathLocation.java:157)
	at org.eclipse.jdt.internal.core.builder.State.readBinaryLocations(State.java:419)
	at org.eclipse.jdt.internal.core.builder.State.read(State.java:306)
	at org.eclipse.jdt.internal.core.builder.JavaBuilder.readState(JavaBuilder.java:161)
	at org.eclipse.jdt.internal.core.JavaModelManager.readStateTimed(JavaModelManager.java:4115)
	at org.eclipse.jdt.internal.core.JavaModelManager.readState(JavaModelManager.java:4096)
	at org.eclipse.jdt.internal.core.JavaModelManager.getLastBuiltState(JavaModelManager.java:2264)
	at org.eclipse.jdt.internal.core.builder.JavaBuilder.getLastState(JavaBuilder.java:449)
	at org.eclipse.jdt.internal.core.builder.JavaBuilder.build(JavaBuilder.java:189)
	at org.eclipse.core.internal.events.BuildManager$2.run(BuildManager.java:860)
	at org.eclipse.core.runtime.SafeRunner.run(SafeRunner.java:45)
	at org.eclipse.core.internal.events.BuildManager.basicBuild(BuildManager.java:232)
	at org.eclipse.core.internal.events.BuildManager.basicBuild(BuildManager.java:281)
	at org.eclipse.core.internal.events.BuildManager$1.run(BuildManager.java:334)
	at org.eclipse.core.runtime.SafeRunner.run(SafeRunner.java:45)
	at org.eclipse.core.internal.events.BuildManager.basicBuild(BuildManager.java:337)
	at org.eclipse.core.internal.events.BuildManager.basicBuildLoop(BuildManager.java:392)
	at org.eclipse.core.internal.events.BuildManager.build(BuildManager.java:417)
	at org.eclipse.core.internal.events.AutoBuildJob.doBuild(AutoBuildJob.java:161)
	at org.eclipse.core.internal.events.AutoBuildJob.run(AutoBuildJob.java:255)
	at org.eclipse.core.internal.jobs.Worker.run(Worker.java:63)

!ENTRY org.eclipse.jdt.core 4 4 2022-11-07 12:16:09.578
!MESSAGE Exception while reading last build state for: P/SugangSincheong-Test1
!STACK 1
org.eclipse.core.runtime.CoreException: Error reading last build state for project SugangSincheong-Test1
	at org.eclipse.jdt.internal.core.JavaModelManager.readStateTimed(JavaModelManager.java:4120)
	at org.eclipse.jdt.internal.core.JavaModelManager.readState(JavaModelManager.java:4096)
	at org.eclipse.jdt.internal.core.JavaModelManager.getLastBuiltState(JavaModelManager.java:2264)
	at org.eclipse.jdt.internal.core.builder.JavaBuilder.getLastState(JavaBuilder.java:449)
	at org.eclipse.jdt.internal.core.builder.JavaBuilder.build(JavaBuilder.java:189)
	at org.eclipse.core.internal.events.BuildManager$2.run(BuildManager.java:860)
	at org.eclipse.core.runtime.SafeRunner.run(SafeRunner.java:45)
	at org.eclipse.core.internal.events.BuildManager.basicBuild(BuildManager.java:232)
	at org.eclipse.core.internal.events.BuildManager.basicBuild(BuildManager.java:281)
	at org.eclipse.core.internal.events.BuildManager$1.run(BuildManager.java:334)
	at org.eclipse.core.runtime.SafeRunner.run(SafeRunner.java:45)
	at org.eclipse.core.internal.events.BuildManager.basicBuild(BuildManager.java:337)
	at org.eclipse.core.internal.events.BuildManager.basicBuildLoop(BuildManager.java:392)
	at org.eclipse.core.internal.events.BuildManager.build(BuildManager.java:417)
	at org.eclipse.core.internal.events.AutoBuildJob.doBuild(AutoBuildJob.java:161)
	at org.eclipse.core.internal.events.AutoBuildJob.run(AutoBuildJob.java:255)
	at org.eclipse.core.internal.jobs.Worker.run(Worker.java:63)
Caused by: org.eclipse.core.runtime.CoreException: Failed to init ct.sym for C:\Program Files\Java\jdk-13.0.2\lib\jrt-fs.jar
	at org.eclipse.jdt.internal.core.builder.ClasspathJrtWithReleaseOption.<init>(ClasspathJrtWithReleaseOption.java:79)
	at org.eclipse.jdt.internal.core.builder.ClasspathLocation.forJrtSystem(ClasspathLocation.java:157)
	at org.eclipse.jdt.internal.core.builder.State.readBinaryLocations(State.java:419)
	at org.eclipse.jdt.internal.core.builder.State.read(State.java:306)
	at org.eclipse.jdt.internal.core.builder.JavaBuilder.readState(JavaBuilder.java:161)
	at org.eclipse.jdt.internal.core.JavaModelManager.readStateTimed(JavaModelManager.java:4115)
	... 16 more
Caused by: java.io.FileNotFoundException: File C:\Program Files\Java\jdk-13.0.2\lib\ct.sym does not exist
	at org.eclipse.jdt.internal.compiler.util.CtSym.init(CtSym.java:127)
	at org.eclipse.jdt.internal.compiler.util.CtSym.<init>(CtSym.java:121)
	at org.eclipse.jdt.internal.compiler.util.JRTUtil.lambda$1(JRTUtil.java:136)
	at java.base/java.util.concurrent.ConcurrentHashMap.compute(ConcurrentHashMap.java:1916)
	at org.eclipse.jdt.internal.compiler.util.JRTUtil.getCtSym(JRTUtil.java:133)
	at org.eclipse.jdt.internal.core.builder.ClasspathJrtWithReleaseOption.<init>(ClasspathJrtWithReleaseOption.java:77)
	... 21 more
!SUBENTRY 1 org.eclipse.jdt.core 4 2 2022-11-07 12:16:09.578
!MESSAGE Error reading last build state for project SugangSincheong-Test1
!STACK 1
org.eclipse.core.runtime.CoreException: Failed to init ct.sym for C:\Program Files\Java\jdk-13.0.2\lib\jrt-fs.jar
	at org.eclipse.jdt.internal.core.builder.ClasspathJrtWithReleaseOption.<init>(ClasspathJrtWithReleaseOption.java:79)
	at org.eclipse.jdt.internal.core.builder.ClasspathLocation.forJrtSystem(ClasspathLocation.java:157)
	at org.eclipse.jdt.internal.core.builder.State.readBinaryLocations(State.java:419)
	at org.eclipse.jdt.internal.core.builder.State.read(State.java:306)
	at org.eclipse.jdt.internal.core.builder.JavaBuilder.readState(JavaBuilder.java:161)
	at org.eclipse.jdt.internal.core.JavaModelManager.readStateTimed(JavaModelManager.java:4115)
	at org.eclipse.jdt.internal.core.JavaModelManager.readState(JavaModelManager.java:4096)
	at org.eclipse.jdt.internal.core.JavaModelManager.getLastBuiltState(JavaModelManager.java:2264)
	at org.eclipse.jdt.internal.core.builder.JavaBuilder.getLastState(JavaBuilder.java:449)
	at org.eclipse.jdt.internal.core.builder.JavaBuilder.build(JavaBuilder.java:189)
	at org.eclipse.core.internal.events.BuildManager$2.run(BuildManager.java:860)
	at org.eclipse.core.runtime.SafeRunner.run(SafeRunner.java:45)
	at org.eclipse.core.internal.events.BuildManager.basicBuild(BuildManager.java:232)
	at org.eclipse.core.internal.events.BuildManager.basicBuild(BuildManager.java:281)
	at org.eclipse.core.internal.events.BuildManager$1.run(BuildManager.java:334)
	at org.eclipse.core.runtime.SafeRunner.run(SafeRunner.java:45)
	at org.eclipse.core.internal.events.BuildManager.basicBuild(BuildManager.java:337)
	at org.eclipse.core.internal.events.BuildManager.basicBuildLoop(BuildManager.java:392)
	at org.eclipse.core.internal.events.BuildManager.build(BuildManager.java:417)
	at org.eclipse.core.internal.events.AutoBuildJob.doBuild(AutoBuildJob.java:161)
	at org.eclipse.core.internal.events.AutoBuildJob.run(AutoBuildJob.java:255)
	at org.eclipse.core.internal.jobs.Worker.run(Worker.java:63)
Caused by: java.io.FileNotFoundException: File C:\Program Files\Java\jdk-13.0.2\lib\ct.sym does not exist
	at org.eclipse.jdt.internal.compiler.util.CtSym.init(CtSym.java:127)
	at org.eclipse.jdt.internal.compiler.util.CtSym.<init>(CtSym.java:121)
	at org.eclipse.jdt.internal.compiler.util.JRTUtil.lambda$1(JRTUtil.java:136)
	at java.base/java.util.concurrent.ConcurrentHashMap.compute(ConcurrentHashMap.java:1916)
	at org.eclipse.jdt.internal.compiler.util.JRTUtil.getCtSym(JRTUtil.java:133)
	at org.eclipse.jdt.internal.core.builder.ClasspathJrtWithReleaseOption.<init>(ClasspathJrtWithReleaseOption.java:77)
	... 21 more
!SUBENTRY 2 org.eclipse.jdt.core 4 0 2022-11-07 12:16:09.578
!MESSAGE Failed to init ct.sym for C:\Program Files\Java\jdk-13.0.2\lib\jrt-fs.jar
!STACK 0
java.io.FileNotFoundException: File C:\Program Files\Java\jdk-13.0.2\lib\ct.sym does not exist
	at org.eclipse.jdt.internal.compiler.util.CtSym.init(CtSym.java:127)
	at org.eclipse.jdt.internal.compiler.util.CtSym.<init>(CtSym.java:121)
	at org.eclipse.jdt.internal.compiler.util.JRTUtil.lambda$1(JRTUtil.java:136)
	at java.base/java.util.concurrent.ConcurrentHashMap.compute(ConcurrentHashMap.java:1916)
	at org.eclipse.jdt.internal.compiler.util.JRTUtil.getCtSym(JRTUtil.java:133)
	at org.eclipse.jdt.internal.core.builder.ClasspathJrtWithReleaseOption.<init>(ClasspathJrtWithReleaseOption.java:77)
	at org.eclipse.jdt.internal.core.builder.ClasspathLocation.forJrtSystem(ClasspathLocation.java:157)
	at org.eclipse.jdt.internal.core.builder.State.readBinaryLocations(State.java:419)
	at org.eclipse.jdt.internal.core.builder.State.read(State.java:306)
	at org.eclipse.jdt.internal.core.builder.JavaBuilder.readState(JavaBuilder.java:161)
	at org.eclipse.jdt.internal.core.JavaModelManager.readStateTimed(JavaModelManager.java:4115)
	at org.eclipse.jdt.internal.core.JavaModelManager.readState(JavaModelManager.java:4096)
	at org.eclipse.jdt.internal.core.JavaModelManager.getLastBuiltState(JavaModelManager.java:2264)
	at org.eclipse.jdt.internal.core.builder.JavaBuilder.getLastState(JavaBuilder.java:449)
	at org.eclipse.jdt.internal.core.builder.JavaBuilder.build(JavaBuilder.java:189)
	at org.eclipse.core.internal.events.BuildManager$2.run(BuildManager.java:860)
	at org.eclipse.core.runtime.SafeRunner.run(SafeRunner.java:45)
	at org.eclipse.core.internal.events.BuildManager.basicBuild(BuildManager.java:232)
	at org.eclipse.core.internal.events.BuildManager.basicBuild(BuildManager.java:281)
	at org.eclipse.core.internal.events.BuildManager$1.run(BuildManager.java:334)
	at org.eclipse.core.runtime.SafeRunner.run(SafeRunner.java:45)
	at org.eclipse.core.internal.events.BuildManager.basicBuild(BuildManager.java:337)
	at org.eclipse.core.internal.events.BuildManager.basicBuildLoop(BuildManager.java:392)
	at org.eclipse.core.internal.events.BuildManager.build(BuildManager.java:417)
	at org.eclipse.core.internal.events.AutoBuildJob.doBuild(AutoBuildJob.java:161)
	at org.eclipse.core.internal.events.AutoBuildJob.run(AutoBuildJob.java:255)
	at org.eclipse.core.internal.jobs.Worker.run(Worker.java:63)

!ENTRY org.eclipse.jdt.core 4 4 2022-11-07 12:16:09.650
!MESSAGE Exception while reading last build state for: P/SugangSincheong-Test2
!STACK 1
org.eclipse.core.runtime.CoreException: Error reading last build state for project SugangSincheong-Test2
	at org.eclipse.jdt.internal.core.JavaModelManager.readStateTimed(JavaModelManager.java:4120)
	at org.eclipse.jdt.internal.core.JavaModelManager.readState(JavaModelManager.java:4096)
	at org.eclipse.jdt.internal.core.JavaModelManager.getLastBuiltState(JavaModelManager.java:2264)
	at org.eclipse.jdt.internal.core.builder.JavaBuilder.getLastState(JavaBuilder.java:449)
	at org.eclipse.jdt.internal.core.builder.JavaBuilder.build(JavaBuilder.java:189)
	at org.eclipse.core.internal.events.BuildManager$2.run(BuildManager.java:860)
	at org.eclipse.core.runtime.SafeRunner.run(SafeRunner.java:45)
	at org.eclipse.core.internal.events.BuildManager.basicBuild(BuildManager.java:232)
	at org.eclipse.core.internal.events.BuildManager.basicBuild(BuildManager.java:281)
	at org.eclipse.core.internal.events.BuildManager$1.run(BuildManager.java:334)
	at org.eclipse.core.runtime.SafeRunner.run(SafeRunner.java:45)
	at org.eclipse.core.internal.events.BuildManager.basicBuild(BuildManager.java:337)
	at org.eclipse.core.internal.events.BuildManager.basicBuildLoop(BuildManager.java:392)
	at org.eclipse.core.internal.events.BuildManager.build(BuildManager.java:417)
	at org.eclipse.core.internal.events.AutoBuildJob.doBuild(AutoBuildJob.java:161)
	at org.eclipse.core.internal.events.AutoBuildJob.run(AutoBuildJob.java:255)
	at org.eclipse.core.internal.jobs.Worker.run(Worker.java:63)
Caused by: org.eclipse.core.runtime.CoreException: Failed to init ct.sym for C:\Program Files\Java\jdk-13.0.2\lib\jrt-fs.jar
	at org.eclipse.jdt.internal.core.builder.ClasspathJrtWithReleaseOption.<init>(ClasspathJrtWithReleaseOption.java:79)
	at org.eclipse.jdt.internal.core.builder.ClasspathLocation.forJrtSystem(ClasspathLocation.java:157)
	at org.eclipse.jdt.internal.core.builder.State.readBinaryLocations(State.java:419)
	at org.eclipse.jdt.internal.core.builder.State.read(State.java:306)
	at org.eclipse.jdt.internal.core.builder.JavaBuilder.readState(JavaBuilder.java:161)
	at org.eclipse.jdt.internal.core.JavaModelManager.readStateTimed(JavaModelManager.java:4115)
	... 16 more
Caused by: java.io.FileNotFoundException: File C:\Program Files\Java\jdk-13.0.2\lib\ct.sym does not exist
	at org.eclipse.jdt.internal.compiler.util.CtSym.init(CtSym.java:127)
	at org.eclipse.jdt.internal.compiler.util.CtSym.<init>(CtSym.java:121)
	at org.eclipse.jdt.internal.compiler.util.JRTUtil.lambda$1(JRTUtil.java:136)
	at java.base/java.util.concurrent.ConcurrentHashMap.compute(ConcurrentHashMap.java:1916)
	at org.eclipse.jdt.internal.compiler.util.JRTUtil.getCtSym(JRTUtil.java:133)
	at org.eclipse.jdt.internal.core.builder.ClasspathJrtWithReleaseOption.<init>(ClasspathJrtWithReleaseOption.java:77)
	... 21 more
!SUBENTRY 1 org.eclipse.jdt.core 4 2 2022-11-07 12:16:09.650
!MESSAGE Error reading last build state for project SugangSincheong-Test2
!STACK 1
org.eclipse.core.runtime.CoreException: Failed to init ct.sym for C:\Program Files\Java\jdk-13.0.2\lib\jrt-fs.jar
	at org.eclipse.jdt.internal.core.builder.ClasspathJrtWithReleaseOption.<init>(ClasspathJrtWithReleaseOption.java:79)
	at org.eclipse.jdt.internal.core.builder.ClasspathLocation.forJrtSystem(ClasspathLocation.java:157)
	at org.eclipse.jdt.internal.core.builder.State.readBinaryLocations(State.java:419)
	at org.eclipse.jdt.internal.core.builder.State.read(State.java:306)
	at org.eclipse.jdt.internal.core.builder.JavaBuilder.readState(JavaBuilder.java:161)
	at org.eclipse.jdt.internal.core.JavaModelManager.readStateTimed(JavaModelManager.java:4115)
	at org.eclipse.jdt.internal.core.JavaModelManager.readState(JavaModelManager.java:4096)
	at org.eclipse.jdt.internal.core.JavaModelManager.getLastBuiltState(JavaModelManager.java:2264)
	at org.eclipse.jdt.internal.core.builder.JavaBuilder.getLastState(JavaBuilder.java:449)
	at org.eclipse.jdt.internal.core.builder.JavaBuilder.build(JavaBuilder.java:189)
	at org.eclipse.core.internal.events.BuildManager$2.run(BuildManager.java:860)
	at org.eclipse.core.runtime.SafeRunner.run(SafeRunner.java:45)
	at org.eclipse.core.internal.events.BuildManager.basicBuild(BuildManager.java:232)
	at org.eclipse.core.internal.events.BuildManager.basicBuild(BuildManager.java:281)
	at org.eclipse.core.internal.events.BuildManager$1.run(BuildManager.java:334)
	at org.eclipse.core.runtime.SafeRunner.run(SafeRunner.java:45)
	at org.eclipse.core.internal.events.BuildManager.basicBuild(BuildManager.java:337)
	at org.eclipse.core.internal.events.BuildManager.basicBuildLoop(BuildManager.java:392)
	at org.eclipse.core.internal.events.BuildManager.build(BuildManager.java:417)
	at org.eclipse.core.internal.events.AutoBuildJob.doBuild(AutoBuildJob.java:161)
	at org.eclipse.core.internal.events.AutoBuildJob.run(AutoBuildJob.java:255)
	at org.eclipse.core.internal.jobs.Worker.run(Worker.java:63)
Caused by: java.io.FileNotFoundException: File C:\Program Files\Java\jdk-13.0.2\lib\ct.sym does not exist
	at org.eclipse.jdt.internal.compiler.util.CtSym.init(CtSym.java:127)
	at org.eclipse.jdt.internal.compiler.util.CtSym.<init>(CtSym.java:121)
	at org.eclipse.jdt.internal.compiler.util.JRTUtil.lambda$1(JRTUtil.java:136)
	at java.base/java.util.concurrent.ConcurrentHashMap.compute(ConcurrentHashMap.java:1916)
	at org.eclipse.jdt.internal.compiler.util.JRTUtil.getCtSym(JRTUtil.java:133)
	at org.eclipse.jdt.internal.core.builder.ClasspathJrtWithReleaseOption.<init>(ClasspathJrtWithReleaseOption.java:77)
	... 21 more
!SUBENTRY 2 org.eclipse.jdt.core 4 0 2022-11-07 12:16:09.650
!MESSAGE Failed to init ct.sym for C:\Program Files\Java\jdk-13.0.2\lib\jrt-fs.jar
!STACK 0
java.io.FileNotFoundException: File C:\Program Files\Java\jdk-13.0.2\lib\ct.sym does not exist
	at org.eclipse.jdt.internal.compiler.util.CtSym.init(CtSym.java:127)
	at org.eclipse.jdt.internal.compiler.util.CtSym.<init>(CtSym.java:121)
	at org.eclipse.jdt.internal.compiler.util.JRTUtil.lambda$1(JRTUtil.java:136)
	at java.base/java.util.concurrent.ConcurrentHashMap.compute(ConcurrentHashMap.java:1916)
	at org.eclipse.jdt.internal.compiler.util.JRTUtil.getCtSym(JRTUtil.java:133)
	at org.eclipse.jdt.internal.core.builder.ClasspathJrtWithReleaseOption.<init>(ClasspathJrtWithReleaseOption.java:77)
	at org.eclipse.jdt.internal.core.builder.ClasspathLocation.forJrtSystem(ClasspathLocation.java:157)
	at org.eclipse.jdt.internal.core.builder.State.readBinaryLocations(State.java:419)
	at org.eclipse.jdt.internal.core.builder.State.read(State.java:306)
	at org.eclipse.jdt.internal.core.builder.JavaBuilder.readState(JavaBuilder.java:161)
	at org.eclipse.jdt.internal.core.JavaModelManager.readStateTimed(JavaModelManager.java:4115)
	at org.eclipse.jdt.internal.core.JavaModelManager.readState(JavaModelManager.java:4096)
	at org.eclipse.jdt.internal.core.JavaModelManager.getLastBuiltState(JavaModelManager.java:2264)
	at org.eclipse.jdt.internal.core.builder.JavaBuilder.getLastState(JavaBuilder.java:449)
	at org.eclipse.jdt.internal.core.builder.JavaBuilder.build(JavaBuilder.java:189)
	at org.eclipse.core.internal.events.BuildManager$2.run(BuildManager.java:860)
	at org.eclipse.core.runtime.SafeRunner.run(SafeRunner.java:45)
	at org.eclipse.core.internal.events.BuildManager.basicBuild(BuildManager.java:232)
	at org.eclipse.core.internal.events.BuildManager.basicBuild(BuildManager.java:281)
	at org.eclipse.core.internal.events.BuildManager$1.run(BuildManager.java:334)
	at org.eclipse.core.runtime.SafeRunner.run(SafeRunner.java:45)
	at org.eclipse.core.internal.events.BuildManager.basicBuild(BuildManager.java:337)
	at org.eclipse.core.internal.events.BuildManager.basicBuildLoop(BuildManager.java:392)
	at org.eclipse.core.internal.events.BuildManager.build(BuildManager.java:417)
	at org.eclipse.core.internal.events.AutoBuildJob.doBuild(AutoBuildJob.java:161)
	at org.eclipse.core.internal.events.AutoBuildJob.run(AutoBuildJob.java:255)
	at org.eclipse.core.internal.jobs.Worker.run(Worker.java:63)

!ENTRY org.eclipse.jdt.core 4 4 2022-11-07 12:16:09.726
!MESSAGE Exception while reading last build state for: P/SugangSincheong-Test3
!STACK 1
org.eclipse.core.runtime.CoreException: Error reading last build state for project SugangSincheong-Test3
	at org.eclipse.jdt.internal.core.JavaModelManager.readStateTimed(JavaModelManager.java:4120)
	at org.eclipse.jdt.internal.core.JavaModelManager.readState(JavaModelManager.java:4096)
	at org.eclipse.jdt.internal.core.JavaModelManager.getLastBuiltState(JavaModelManager.java:2264)
	at org.eclipse.jdt.internal.core.builder.JavaBuilder.getLastState(JavaBuilder.java:449)
	at org.eclipse.jdt.internal.core.builder.JavaBuilder.build(JavaBuilder.java:189)
	at org.eclipse.core.internal.events.BuildManager$2.run(BuildManager.java:860)
	at org.eclipse.core.runtime.SafeRunner.run(SafeRunner.java:45)
	at org.eclipse.core.internal.events.BuildManager.basicBuild(BuildManager.java:232)
	at org.eclipse.core.internal.events.BuildManager.basicBuild(BuildManager.java:281)
	at org.eclipse.core.internal.events.BuildManager$1.run(BuildManager.java:334)
	at org.eclipse.core.runtime.SafeRunner.run(SafeRunner.java:45)
	at org.eclipse.core.internal.events.BuildManager.basicBuild(BuildManager.java:337)
	at org.eclipse.core.internal.events.BuildManager.basicBuildLoop(BuildManager.java:392)
	at org.eclipse.core.internal.events.BuildManager.build(BuildManager.java:417)
	at org.eclipse.core.internal.events.AutoBuildJob.doBuild(AutoBuildJob.java:161)
	at org.eclipse.core.internal.events.AutoBuildJob.run(AutoBuildJob.java:255)
	at org.eclipse.core.internal.jobs.Worker.run(Worker.java:63)
Caused by: org.eclipse.core.runtime.CoreException: Failed to init ct.sym for C:\Program Files\Java\jdk-13.0.2\lib\jrt-fs.jar
	at org.eclipse.jdt.internal.core.builder.ClasspathJrtWithReleaseOption.<init>(ClasspathJrtWithReleaseOption.java:79)
	at org.eclipse.jdt.internal.core.builder.ClasspathLocation.forJrtSystem(ClasspathLocation.java:157)
	at org.eclipse.jdt.internal.core.builder.State.readBinaryLocations(State.java:419)
	at org.eclipse.jdt.internal.core.builder.State.read(State.java:306)
	at org.eclipse.jdt.internal.core.builder.JavaBuilder.readState(JavaBuilder.java:161)
	at org.eclipse.jdt.internal.core.JavaModelManager.readStateTimed(JavaModelManager.java:4115)
	... 16 more
Caused by: java.io.FileNotFoundException: File C:\Program Files\Java\jdk-13.0.2\lib\ct.sym does not exist
	at org.eclipse.jdt.internal.compiler.util.CtSym.init(CtSym.java:127)
	at org.eclipse.jdt.internal.compiler.util.CtSym.<init>(CtSym.java:121)
	at org.eclipse.jdt.internal.compiler.util.JRTUtil.lambda$1(JRTUtil.java:136)
	at java.base/java.util.concurrent.ConcurrentHashMap.compute(ConcurrentHashMap.java:1916)
	at org.eclipse.jdt.internal.compiler.util.JRTUtil.getCtSym(JRTUtil.java:133)
	at org.eclipse.jdt.internal.core.builder.ClasspathJrtWithReleaseOption.<init>(ClasspathJrtWithReleaseOption.java:77)
	... 21 more
!SUBENTRY 1 org.eclipse.jdt.core 4 2 2022-11-07 12:16:09.735
!MESSAGE Error reading last build state for project SugangSincheong-Test3
!STACK 1
org.eclipse.core.runtime.CoreException: Failed to init ct.sym for C:\Program Files\Java\jdk-13.0.2\lib\jrt-fs.jar
	at org.eclipse.jdt.internal.core.builder.ClasspathJrtWithReleaseOption.<init>(ClasspathJrtWithReleaseOption.java:79)
	at org.eclipse.jdt.internal.core.builder.ClasspathLocation.forJrtSystem(ClasspathLocation.java:157)
	at org.eclipse.jdt.internal.core.builder.State.readBinaryLocations(State.java:419)
	at org.eclipse.jdt.internal.core.builder.State.read(State.java:306)
	at org.eclipse.jdt.internal.core.builder.JavaBuilder.readState(JavaBuilder.java:161)
	at org.eclipse.jdt.internal.core.JavaModelManager.readStateTimed(JavaModelManager.java:4115)
	at org.eclipse.jdt.internal.core.JavaModelManager.readState(JavaModelManager.java:4096)
	at org.eclipse.jdt.internal.core.JavaModelManager.getLastBuiltState(JavaModelManager.java:2264)
	at org.eclipse.jdt.internal.core.builder.JavaBuilder.getLastState(JavaBuilder.java:449)
	at org.eclipse.jdt.internal.core.builder.JavaBuilder.build(JavaBuilder.java:189)
	at org.eclipse.core.internal.events.BuildManager$2.run(BuildManager.java:860)
	at org.eclipse.core.runtime.SafeRunner.run(SafeRunner.java:45)
	at org.eclipse.core.internal.events.BuildManager.basicBuild(BuildManager.java:232)
	at org.eclipse.core.internal.events.BuildManager.basicBuild(BuildManager.java:281)
	at org.eclipse.core.internal.events.BuildManager$1.run(BuildManager.java:334)
	at org.eclipse.core.runtime.SafeRunner.run(SafeRunner.java:45)
	at org.eclipse.core.internal.events.BuildManager.basicBuild(BuildManager.java:337)
	at org.eclipse.core.internal.events.BuildManager.basicBuildLoop(BuildManager.java:392)
	at org.eclipse.core.internal.events.BuildManager.build(BuildManager.java:417)
	at org.eclipse.core.internal.events.AutoBuildJob.doBuild(AutoBuildJob.java:161)
	at org.eclipse.core.internal.events.AutoBuildJob.run(AutoBuildJob.java:255)
	at org.eclipse.core.internal.jobs.Worker.run(Worker.java:63)
Caused by: java.io.FileNotFoundException: File C:\Program Files\Java\jdk-13.0.2\lib\ct.sym does not exist
	at org.eclipse.jdt.internal.compiler.util.CtSym.init(CtSym.java:127)
	at org.eclipse.jdt.internal.compiler.util.CtSym.<init>(CtSym.java:121)
	at org.eclipse.jdt.internal.compiler.util.JRTUtil.lambda$1(JRTUtil.java:136)
	at java.base/java.util.concurrent.ConcurrentHashMap.compute(ConcurrentHashMap.java:1916)
	at org.eclipse.jdt.internal.compiler.util.JRTUtil.getCtSym(JRTUtil.java:133)
	at org.eclipse.jdt.internal.core.builder.ClasspathJrtWithReleaseOption.<init>(ClasspathJrtWithReleaseOption.java:77)
	... 21 more
!SUBENTRY 2 org.eclipse.jdt.core 4 0 2022-11-07 12:16:09.735
!MESSAGE Failed to init ct.sym for C:\Program Files\Java\jdk-13.0.2\lib\jrt-fs.jar
!STACK 0
java.io.FileNotFoundException: File C:\Program Files\Java\jdk-13.0.2\lib\ct.sym does not exist
	at org.eclipse.jdt.internal.compiler.util.CtSym.init(CtSym.java:127)
	at org.eclipse.jdt.internal.compiler.util.CtSym.<init>(CtSym.java:121)
	at org.eclipse.jdt.internal.compiler.util.JRTUtil.lambda$1(JRTUtil.java:136)
	at java.base/java.util.concurrent.ConcurrentHashMap.compute(ConcurrentHashMap.java:1916)
	at org.eclipse.jdt.internal.compiler.util.JRTUtil.getCtSym(JRTUtil.java:133)
	at org.eclipse.jdt.internal.core.builder.ClasspathJrtWithReleaseOption.<init>(ClasspathJrtWithReleaseOption.java:77)
	at org.eclipse.jdt.internal.core.builder.ClasspathLocation.forJrtSystem(ClasspathLocation.java:157)
	at org.eclipse.jdt.internal.core.builder.State.readBinaryLocations(State.java:419)
	at org.eclipse.jdt.internal.core.builder.State.read(State.java:306)
	at org.eclipse.jdt.internal.core.builder.JavaBuilder.readState(JavaBuilder.java:161)
	at org.eclipse.jdt.internal.core.JavaModelManager.readStateTimed(JavaModelManager.java:4115)
	at org.eclipse.jdt.internal.core.JavaModelManager.readState(JavaModelManager.java:4096)
	at org.eclipse.jdt.internal.core.JavaModelManager.getLastBuiltState(JavaModelManager.java:2264)
	at org.eclipse.jdt.internal.core.builder.JavaBuilder.getLastState(JavaBuilder.java:449)
	at org.eclipse.jdt.internal.core.builder.JavaBuilder.build(JavaBuilder.java:189)
	at org.eclipse.core.internal.events.BuildManager$2.run(BuildManager.java:860)
	at org.eclipse.core.runtime.SafeRunner.run(SafeRunner.java:45)
	at org.eclipse.core.internal.events.BuildManager.basicBuild(BuildManager.java:232)
	at org.eclipse.core.internal.events.BuildManager.basicBuild(BuildManager.java:281)
	at org.eclipse.core.internal.events.BuildManager$1.run(BuildManager.java:334)
	at org.eclipse.core.runtime.SafeRunner.run(SafeRunner.java:45)
	at org.eclipse.core.internal.events.BuildManager.basicBuild(BuildManager.java:337)
	at org.eclipse.core.internal.events.BuildManager.basicBuildLoop(BuildManager.java:392)
	at org.eclipse.core.internal.events.BuildManager.build(BuildManager.java:417)
	at org.eclipse.core.internal.events.AutoBuildJob.doBuild(AutoBuildJob.java:161)
	at org.eclipse.core.internal.events.AutoBuildJob.run(AutoBuildJob.java:255)
	at org.eclipse.core.internal.jobs.Worker.run(Worker.java:63)
